[0309/162613.271:INFO:CONSOLE(0)] "Error with Permissions-Policy header: Feature xr-spatial-tracking's parameters are ignored.", source:  (0)
[0309/162613.271:INFO:CONSOLE(0)] "Error with Permissions-Policy header: Origin trial controlled feature not enabled: 'attribution-reporting'.", source:  (0)
[0309/162613.271:INFO:CONSOLE(0)] "Error with Permissions-Policy header: Unrecognized feature: 'compute-pressure'.", source:  (0)
[0309/162613.271:INFO:CONSOLE(0)] "Error with Permissions-Policy header: Origin trial controlled feature not enabled: 'interest-cohort'.", source:  (0)
[0309/162613.271:INFO:CONSOLE(0)] "Error with Permissions-Policy header: Unrecognized feature: 'private-state-token-issuance'.", source:  (0)
[0309/162613.272:INFO:CONSOLE(0)] "Error with Permissions-Policy header: Origin trial controlled feature not enabled: 'shared-storage'.", source:  (0)
[0309/162613.272:INFO:CONSOLE(0)] "Error with Permissions-Policy header: Unrecognized feature: 'shared-storage-select-url'.", source:  (0)
[0309/162613.272:INFO:CONSOLE(0)] "Error with Permissions-Policy header: Unrecognized feature: 'private-state-token-redemption'.", source:  (0)
[0309/162613.272:INFO:CONSOLE(0)] "Error with Permissions-Policy header: Unrecognized feature: 'unload'.", source:  (0)
[0309/162613.272:INFO:CONSOLE(0)] "Error with Permissions-Policy header: Unrecognized feature: 'window-management'.", source:  (0)
[0309/162613.280:WARNING:backend_impl.cc(1816)] Destroying invalid entry.
[0309/162613.281:WARNING:backend_impl.cc(1816)] Destroying invalid entry.
[0309/162613.282:WARNING:backend_impl.cc(1816)] Destroying invalid entry.
[0309/162613.282:WARNING:backend_impl.cc(1816)] Destroying invalid entry.
[0309/162613.283:WARNING:backend_impl.cc(1816)] Destroying invalid entry.
[0309/162613.284:WARNING:backend_impl.cc(1816)] Destroying invalid entry.
[0309/162613.285:WARNING:backend_impl.cc(1816)] Destroying invalid entry.
[0309/162613.286:WARNING:backend_impl.cc(1816)] Destroying invalid entry.
[0309/162613.287:WARNING:backend_impl.cc(1816)] Destroying invalid entry.
[0309/162613.288:WARNING:backend_impl.cc(1816)] Destroying invalid entry.
[0309/162613.288:WARNING:backend_impl.cc(1816)] Destroying invalid entry.
[0309/162613.289:WARNING:backend_impl.cc(1816)] Destroying invalid entry.
[0309/162613.289:WARNING:backend_impl.cc(1816)] Destroying invalid entry.
[0309/162613.290:WARNING:backend_impl.cc(1816)] Destroying invalid entry.
[0309/162618.430:INFO:CONSOLE(158)] "Event handler of 'x-storagemutated-1' event must be added on the initial evaluation of worker script.", source: https://static.whatsapp.net/rsrc.php/v4/y6/r/y7CbmHnRTbA.js (158)
[0309/162800.752:INFO:CONSOLE(158)] "Event handler of 'x-storagemutated-1' event must be added on the initial evaluation of worker script.", source: https://static.whatsapp.net/rsrc.php/v4/y6/r/y7CbmHnRTbA.js (158)
[0309/162958.342:INFO:CONSOLE(158)] "Event handler of 'x-storagemutated-1' event must be added on the initial evaluation of worker script.", source: https://static.whatsapp.net/rsrc.php/v4/y6/r/y7CbmHnRTbA.js (158)
[0309/163042.649:INFO:CONSOLE(158)] "Event handler of 'x-storagemutated-1' event must be added on the initial evaluation of worker script.", source: https://static.whatsapp.net/rsrc.php/v4/y6/r/y7CbmHnRTbA.js (158)
[0309/163123.670:INFO:CONSOLE(158)] "Event handler of 'x-storagemutated-1' event must be added on the initial evaluation of worker script.", source: https://static.whatsapp.net/rsrc.php/v4/y6/r/y7CbmHnRTbA.js (158)
[0309/163158.629:INFO:CONSOLE(158)] "Event handler of 'x-storagemutated-1' event must be added on the initial evaluation of worker script.", source: https://static.whatsapp.net/rsrc.php/v4/y6/r/y7CbmHnRTbA.js (158)
[0309/163238.514:INFO:CONSOLE(158)] "Event handler of 'x-storagemutated-1' event must be added on the initial evaluation of worker script.", source: https://static.whatsapp.net/rsrc.php/v4/y6/r/y7CbmHnRTbA.js (158)
[0309/163308.476:INFO:CONSOLE(1735)] "Failed to parse video contentType: video/mp4; codecs=avc1.42000a", source: https://static.whatsapp.net/rsrc.php/v4iykA4/yH/l/rt/aaTSJXm981F.js (1735)
[0309/163308.525:INFO:CONSOLE(1735)] "Failed to parse video contentType: video/mp4; codecs=hev1.1.6.L93.B0", source: https://static.whatsapp.net/rsrc.php/v4iykA4/yH/l/rt/aaTSJXm981F.js (1735)
[0309/163346.703:INFO:CONSOLE(158)] "Event handler of 'x-storagemutated-1' event must be added on the initial evaluation of worker script.", source: https://static.whatsapp.net/rsrc.php/v4/y6/r/y7CbmHnRTbA.js (158)
[0309/165006.371:INFO:CONSOLE(158)] "Event handler of 'x-storagemutated-1' event must be added on the initial evaluation of worker script.", source: https://static.whatsapp.net/rsrc.php/v4/y6/r/y7CbmHnRTbA.js (158)
[0309/165305.190:INFO:CONSOLE(158)] "Event handler of 'x-storagemutated-1' event must be added on the initial evaluation of worker script.", source: https://static.whatsapp.net/rsrc.php/v4/y6/r/y7CbmHnRTbA.js (158)
[0309/172312.322:INFO:CONSOLE(158)] "Event handler of 'x-storagemutated-1' event must be added on the initial evaluation of worker script.", source: https://static.whatsapp.net/rsrc.php/v4/y6/r/y7CbmHnRTbA.js (158)
[0309/172639.674:INFO:CONSOLE(158)] "Event handler of 'x-storagemutated-1' event must be added on the initial evaluation of worker script.", source: https://static.whatsapp.net/rsrc.php/v4/y6/r/y7CbmHnRTbA.js (158)
[0309/172822.518:INFO:CONSOLE(158)] "Event handler of 'x-storagemutated-1' event must be added on the initial evaluation of worker script.", source: https://static.whatsapp.net/rsrc.php/v4/y6/r/y7CbmHnRTbA.js (158)
[0309/172959.883:INFO:CONSOLE(158)] "Event handler of 'x-storagemutated-1' event must be added on the initial evaluation of worker script.", source: https://static.whatsapp.net/rsrc.php/v4/y6/r/y7CbmHnRTbA.js (158)
[0309/173133.180:INFO:CONSOLE(158)] "Event handler of 'x-storagemutated-1' event must be added on the initial evaluation of worker script.", source: https://static.whatsapp.net/rsrc.php/v4/y6/r/y7CbmHnRTbA.js (158)
[0309/173232.756:INFO:CONSOLE(158)] "Event handler of 'x-storagemutated-1' event must be added on the initial evaluation of worker script.", source: https://static.whatsapp.net/rsrc.php/v4/y6/r/y7CbmHnRTbA.js (158)
[0309/173616.595:INFO:CONSOLE(158)] "Event handler of 'x-storagemutated-1' event must be added on the initial evaluation of worker script.", source: https://static.whatsapp.net/rsrc.php/v4/y6/r/y7CbmHnRTbA.js (158)
[0309/173659.978:INFO:CONSOLE(158)] "Event handler of 'x-storagemutated-1' event must be added on the initial evaluation of worker script.", source: https://static.whatsapp.net/rsrc.php/v4/y6/r/y7CbmHnRTbA.js (158)
[0309/174107.953:INFO:CONSOLE(158)] "Event handler of 'x-storagemutated-1' event must be added on the initial evaluation of worker script.", source: https://static.whatsapp.net/rsrc.php/v4/y6/r/y7CbmHnRTbA.js (158)
[0309/174519.332:INFO:CONSOLE(158)] "Event handler of 'x-storagemutated-1' event must be added on the initial evaluation of worker script.", source: https://static.whatsapp.net/rsrc.php/v4/y6/r/y7CbmHnRTbA.js (158)
[0309/175124.024:INFO:CONSOLE(158)] "Event handler of 'x-storagemutated-1' event must be added on the initial evaluation of worker script.", source: https://static.whatsapp.net/rsrc.php/v4/y6/r/y7CbmHnRTbA.js (158)
